<?xml version="1.0" encoding="UTF-8"?>
<!-- Generated by org.testng.reporters.JUnitXMLReporter -->
<testsuite hostname="sreeja" ignored="0" name="Default test" tests="3" failures="0" timestamp="16 Nov 2019 21:37:28 GMT" time="41.435" errors="0">
  <testcase name="Test1" time="1.149" classname="com.AutomationTalks.demoProject1.TestClass1"/>
  <testcase name="Test2" time="0.928" classname="com.AutomationTalks.demoProject1.TestClass1"/>
  <testcase name="Test3" time="1.098" classname="com.AutomationTalks.demoProject1.TestClass1"/>
</testsuite> <!-- Default test -->
