<?xml version="1.0" encoding="UTF-8"?>
<!-- Generated by org.testng.reporters.JUnitXMLReporter -->
<testsuite hostname="sreeja" ignored="0" name="Test" tests="3" failures="0" timestamp="15 Nov 2019 20:49:22 GMT" time="44.88" errors="0">
  <testcase name="Test1" time="3.413" classname="com.AutomationTalks.demoProject1.TestClass1"/>
  <testcase name="Test2" time="2.654" classname="com.AutomationTalks.demoProject1.TestClass1"/>
  <testcase name="Test3" time="3.187" classname="com.AutomationTalks.demoProject1.TestClass1"/>
</testsuite> <!-- Test -->
