<?xml version="1.0" encoding="UTF-8"?>
<testng-results skipped="0" failed="0" ignored="0" total="3" passed="3">
  <reporter-output>
  </reporter-output>
  <suite name="Suite" duration-ms="44880" started-at="2019-11-15T20:48:37Z" finished-at="2019-11-15T20:49:22Z">
    <groups>
    </groups>
    <test name="Test" duration-ms="44880" started-at="2019-11-15T20:48:37Z" finished-at="2019-11-15T20:49:22Z">
      <class name="com.AutomationTalks.demoProject1.TestClass1">
        <test-method status="PASS" signature="launchDriver()[pri:0, instance:com.AutomationTalks.demoProject1.TestClass1@7cbd213e]" name="launchDriver" is-config="true" duration-ms="11106" started-at="2019-11-15T20:48:37Z" finished-at="2019-11-15T20:48:48Z">
          <reporter-output>
          </reporter-output>
        </test-method> <!-- launchDriver -->
        <test-method status="PASS" signature="Test1()[pri:0, instance:com.AutomationTalks.demoProject1.TestClass1@7cbd213e]" name="Test1" duration-ms="3413" started-at="2019-11-15T20:48:48Z" finished-at="2019-11-15T20:48:52Z">
          <reporter-output>
          </reporter-output>
        </test-method> <!-- Test1 -->
        <test-method status="PASS" signature="quit()[pri:0, instance:com.AutomationTalks.demoProject1.TestClass1@7cbd213e]" name="quit" is-config="true" duration-ms="1582" started-at="2019-11-15T20:48:52Z" finished-at="2019-11-15T20:48:53Z">
          <reporter-output>
          </reporter-output>
        </test-method> <!-- quit -->
        <test-method status="PASS" signature="launchDriver()[pri:0, instance:com.AutomationTalks.demoProject1.TestClass1@7cbd213e]" name="launchDriver" is-config="true" duration-ms="9862" started-at="2019-11-15T20:48:53Z" finished-at="2019-11-15T20:49:03Z">
          <reporter-output>
          </reporter-output>
        </test-method> <!-- launchDriver -->
        <test-method status="PASS" signature="Test2()[pri:0, instance:com.AutomationTalks.demoProject1.TestClass1@7cbd213e]" name="Test2" duration-ms="2654" started-at="2019-11-15T20:49:03Z" finished-at="2019-11-15T20:49:06Z">
          <reporter-output>
          </reporter-output>
        </test-method> <!-- Test2 -->
        <test-method status="PASS" signature="quit()[pri:0, instance:com.AutomationTalks.demoProject1.TestClass1@7cbd213e]" name="quit" is-config="true" duration-ms="1552" started-at="2019-11-15T20:49:06Z" finished-at="2019-11-15T20:49:08Z">
          <reporter-output>
          </reporter-output>
        </test-method> <!-- quit -->
        <test-method status="PASS" signature="launchDriver()[pri:0, instance:com.AutomationTalks.demoProject1.TestClass1@7cbd213e]" name="launchDriver" is-config="true" duration-ms="9933" started-at="2019-11-15T20:49:08Z" finished-at="2019-11-15T20:49:17Z">
          <reporter-output>
          </reporter-output>
        </test-method> <!-- launchDriver -->
        <test-method status="PASS" signature="Test3()[pri:0, instance:com.AutomationTalks.demoProject1.TestClass1@7cbd213e]" name="Test3" duration-ms="3187" started-at="2019-11-15T20:49:17Z" finished-at="2019-11-15T20:49:21Z">
          <reporter-output>
          </reporter-output>
        </test-method> <!-- Test3 -->
        <test-method status="PASS" signature="quit()[pri:0, instance:com.AutomationTalks.demoProject1.TestClass1@7cbd213e]" name="quit" is-config="true" duration-ms="1541" started-at="2019-11-15T20:49:21Z" finished-at="2019-11-15T20:49:22Z">
          <reporter-output>
          </reporter-output>
        </test-method> <!-- quit -->
      </class> <!-- com.AutomationTalks.demoProject1.TestClass1 -->
    </test> <!-- Test -->
  </suite> <!-- Suite -->
</testng-results>
