<?xml version="1.0" encoding="UTF-8"?>
<testng-results skipped="0" failed="0" ignored="0" total="3" passed="3">
  <reporter-output>
  </reporter-output>
  <suite name="Default suite" duration-ms="41435" started-at="2019-11-16T21:36:47Z" finished-at="2019-11-16T21:37:28Z">
    <groups>
    </groups>
    <test name="Default test" duration-ms="41435" started-at="2019-11-16T21:36:47Z" finished-at="2019-11-16T21:37:28Z">
      <class name="com.AutomationTalks.demoProject1.TestClass1">
        <test-method status="PASS" signature="launchDriver()[pri:0, instance:com.AutomationTalks.demoProject1.TestClass1@3ecd23d9]" name="launchDriver" is-config="true" duration-ms="16606" started-at="2019-11-16T21:36:47Z" finished-at="2019-11-16T21:37:04Z">
          <reporter-output>
          </reporter-output>
        </test-method> <!-- launchDriver -->
        <test-method status="PASS" signature="Test1()[pri:0, instance:com.AutomationTalks.demoProject1.TestClass1@3ecd23d9]" name="Test1" duration-ms="1149" started-at="2019-11-16T21:37:04Z" finished-at="2019-11-16T21:37:05Z">
          <reporter-output>
          </reporter-output>
        </test-method> <!-- Test1 -->
        <test-method status="PASS" signature="quit()[pri:0, instance:com.AutomationTalks.demoProject1.TestClass1@3ecd23d9]" name="quit" is-config="true" duration-ms="1211" started-at="2019-11-16T21:37:05Z" finished-at="2019-11-16T21:37:06Z">
          <reporter-output>
          </reporter-output>
        </test-method> <!-- quit -->
        <test-method status="PASS" signature="launchDriver()[pri:0, instance:com.AutomationTalks.demoProject1.TestClass1@3ecd23d9]" name="launchDriver" is-config="true" duration-ms="8355" started-at="2019-11-16T21:37:06Z" finished-at="2019-11-16T21:37:14Z">
          <reporter-output>
          </reporter-output>
        </test-method> <!-- launchDriver -->
        <test-method status="PASS" signature="Test2()[pri:0, instance:com.AutomationTalks.demoProject1.TestClass1@3ecd23d9]" name="Test2" duration-ms="928" started-at="2019-11-16T21:37:14Z" finished-at="2019-11-16T21:37:15Z">
          <reporter-output>
          </reporter-output>
        </test-method> <!-- Test2 -->
        <test-method status="PASS" signature="quit()[pri:0, instance:com.AutomationTalks.demoProject1.TestClass1@3ecd23d9]" name="quit" is-config="true" duration-ms="2884" started-at="2019-11-16T21:37:15Z" finished-at="2019-11-16T21:37:18Z">
          <reporter-output>
          </reporter-output>
        </test-method> <!-- quit -->
        <test-method status="PASS" signature="launchDriver()[pri:0, instance:com.AutomationTalks.demoProject1.TestClass1@3ecd23d9]" name="launchDriver" is-config="true" duration-ms="8348" started-at="2019-11-16T21:37:18Z" finished-at="2019-11-16T21:37:26Z">
          <reporter-output>
          </reporter-output>
        </test-method> <!-- launchDriver -->
        <test-method status="PASS" signature="Test3()[pri:0, instance:com.AutomationTalks.demoProject1.TestClass1@3ecd23d9]" name="Test3" duration-ms="1098" started-at="2019-11-16T21:37:26Z" finished-at="2019-11-16T21:37:27Z">
          <reporter-output>
          </reporter-output>
        </test-method> <!-- Test3 -->
        <test-method status="PASS" signature="quit()[pri:0, instance:com.AutomationTalks.demoProject1.TestClass1@3ecd23d9]" name="quit" is-config="true" duration-ms="680" started-at="2019-11-16T21:37:27Z" finished-at="2019-11-16T21:37:28Z">
          <reporter-output>
          </reporter-output>
        </test-method> <!-- quit -->
      </class> <!-- com.AutomationTalks.demoProject1.TestClass1 -->
    </test> <!-- Default test -->
  </suite> <!-- Default suite -->
</testng-results>
